<?xml version="1.0" encoding="UTF-8"?>
<testng-results skipped="0" failed="0" ignored="0" total="1" passed="1">
  <reporter-output>
  </reporter-output>
  <suite name="Suite" duration-ms="68515" started-at="2021-01-20T10:43:52Z" finished-at="2021-01-20T10:45:01Z">
    <groups>
      <group name="cucumber">
        <method signature="AbstractTestNGCucumberTests.feature(cucumber.api.testng.CucumberFeatureWrapper)[pri:0, instance:cucumberOptions.TestRunner@9225652]" name="feature" class="cucumber.api.testng.AbstractTestNGCucumberTests"/>
      </group> <!-- cucumber -->
    </groups>
    <test name="Test" duration-ms="68515" started-at="2021-01-20T10:43:52Z" finished-at="2021-01-20T10:45:01Z">
      <class name="cucumberOptions.TestRunner">
        <test-method status="PASS" signature="setUpClass()[pri:0, instance:cucumberOptions.TestRunner@9225652]" name="setUpClass" is-config="true" duration-ms="275" started-at="2021-01-20T16:13:52Z" finished-at="2021-01-20T16:13:52Z">
          <reporter-output>
          </reporter-output>
        </test-method> <!-- setUpClass -->
        <test-method status="PASS" signature="feature(cucumber.api.testng.CucumberFeatureWrapper)[pri:0, instance:cucumberOptions.TestRunner@9225652]" name="feature" duration-ms="67804" started-at="2021-01-20T16:13:53Z" description="Runs Cucumber Feature" data-provider="features" finished-at="2021-01-20T16:15:00Z">
          <params>
            <param index="0">
              <value>
                <![CDATA[Medicare Member Page]]>
              </value>
            </param>
          </params>
          <reporter-output>
          </reporter-output>
        </test-method> <!-- feature -->
        <test-method status="PASS" signature="tearDownClass()[pri:0, instance:cucumberOptions.TestRunner@9225652]" name="tearDownClass" is-config="true" duration-ms="295" started-at="2021-01-20T16:15:00Z" finished-at="2021-01-20T16:15:01Z">
          <reporter-output>
          </reporter-output>
        </test-method> <!-- tearDownClass -->
      </class> <!-- cucumberOptions.TestRunner -->
    </test> <!-- Test -->
  </suite> <!-- Suite -->
</testng-results>
